<?xml version="1.0" encoding="UTF-8"?>
<!-- Generated by org.testng.reporters.JUnitReportReporter -->
<testsuite hostname="ly" name="testng.NewTest" tests="6" failures="0" timestamp="28 Dec 2018 01:35:17 GMT" time="0.008" errors="0">
  <testcase name="runselenium" time="0.001" classname="testng.NewTest"/>
  <testcase name="runselenium1" time="0.001" classname="testng.NewTest"/>
  <testcase name="runselenium1" time="0.000" classname="testng.NewTest"/>
  <testcase name="testconnectoracle" time="0.001" classname="testng.NewTest"/>
  <testcase name="testconnectmysql" time="0.001" classname="testng.NewTest"/>
  <testcase name="runselenium" time="0.004" classname="testng.NewTest"/>
</testsuite> <!-- testng.NewTest -->
