<?xml version="1.0" encoding="UTF-8"?>
<!-- Generated by org.testng.reporters.JUnitReportReporter -->
<testsuite hostname="ly" name="testng.demo1Test" tests="2" failures="0" timestamp="27 Dec 2018 06:55:39 GMT" time="0.003" errors="0">
  <testcase name="ten" time="0.003" classname="testng.demo1Test"/>
  <testcase name="seven" time="0.000" classname="testng.demo1Test"/>
</testsuite> <!-- testng.demo1Test -->
