<?xml version="1.0" encoding="UTF-8"?>
<!-- Generated by org.testng.reporters.JUnitReportReporter -->
<testsuite hostname="ly" name="testng.NewTest2" tests="4" failures="0" timestamp="28 Dec 2018 01:35:17 GMT" time="0.001" errors="0">
  <testcase name="runselenium" time="0.000" classname="testng.NewTest2"/>
  <testcase name="runselenium1" time="0.000" classname="testng.NewTest2"/>
  <testcase name="runselenium" time="0.000" classname="testng.NewTest2"/>
  <testcase name="runselenium1" time="0.001" classname="testng.NewTest2"/>
</testsuite> <!-- testng.NewTest2 -->
