<?xml version="1.0" encoding="UTF-8"?>
<!-- Generated by org.testng.reporters.JUnitReportReporter -->
<testsuite hostname="ly" name="testng.yunsuanTest" tests="5" failures="0" timestamp="27 Dec 2018 06:55:39 GMT" time="0.007" errors="0">
  <testcase name="add" time="0.004" classname="testng.yunsuanTest"/>
  <testcase name="cheng" time="0.001" classname="testng.yunsuanTest"/>
  <testcase name="sub" time="0.001" classname="testng.yunsuanTest"/>
  <testcase name="cheng" time="0.001" classname="testng.yunsuanTest"/>
  <testcase name="cheng" time="0.000" classname="testng.yunsuanTest"/>
</testsuite> <!-- testng.yunsuanTest -->
